Using pre-set license

 COMMAND LINE ARGUMENTS:
/Applications/Unity/Hub/Editor/2020.3.13f1/Unity.app/Contents/MacOS/Unity
-adb2
-batchMode
-noUpm
-name
AssetImportWorker4
-projectPath
/Users/harvey/Developer/Games/Enchanted/Enchanted
-logFile
Logs/AssetImportWorker4.log
-srvPort
51979
Successfully changed project path to: /Users/harvey/Developer/Games/Enchanted/Enchanted
/Users/harvey/Developer/Games/Enchanted/Enchanted
Using Asset Import Pipeline V2.
Refreshing native plugins compatible for Editor in 75.48 ms, found 2 plugins.
Preloading 0 native plugins for Editor in 0.00 ms.
Initialize engine version: 2020.3.13f1 (71691879b7f5)
[Subsystems] Discovering subsystems at path /Applications/Unity/Hub/Editor/2020.3.13f1/Unity.app/Contents/Resources/UnitySubsystems
[Subsystems] Discovering subsystems at path /Users/harvey/Developer/Games/Enchanted/Enchanted/Assets
GfxDevice: creating device client; threaded=0
2021-07-11 21:40:55.332 Unity[35751:1502934] Color LCD preferred device: Intel Iris Pro Graphics (low power)
2021-07-11 21:40:55.332 Unity[35751:1502934] Metal devices available: 1
2021-07-11 21:40:55.332 Unity[35751:1502934] 0: Intel Iris Pro Graphics (low power)
2021-07-11 21:40:55.332 Unity[35751:1502934] Using device Intel Iris Pro Graphics (low power)
Initializing Metal device caps: Intel Iris Pro Graphics
Initialize mono
Mono path[0] = '/Applications/Unity/Hub/Editor/2020.3.13f1/Unity.app/Contents/Managed'
Mono path[1] = '/Applications/Unity/Hub/Editor/2020.3.13f1/Unity.app/Contents/MonoBleedingEdge/lib/mono/unityjit'
Mono config path = '/Applications/Unity/Hub/Editor/2020.3.13f1/Unity.app/Contents/MonoBleedingEdge/etc'
Using monoOptions --debugger-agent=transport=dt_socket,embedding=1,server=y,suspend=n,address=127.0.0.1:56751
Begin MonoManager ReloadAssembly
Registering precompiled unity dll's ...
Register platform support module: /Applications/Unity/Hub/Editor/2020.3.13f1/Unity.app/Contents/PlaybackEngines/MacStandaloneSupport/UnityEditor.OSXStandalone.Extensions.dll
Register platform support module: /Applications/Unity/Hub/Editor/2020.3.13f1/PlaybackEngines/WindowsStandaloneSupport/UnityEditor.WindowsStandalone.Extensions.dll
Registered in 0.001581 seconds.
Native extension for WindowsStandalone target not found
Native extension for OSXStandalone target not found
Refreshing native plugins compatible for Editor in 77.89 ms, found 2 plugins.
Preloading 0 native plugins for Editor in 0.00 ms.
Mono: successfully reloaded assembly
- Completed reload, in 10.080 seconds
Platform modules already initialized, skipping
Registering precompiled user dll's ...
Registered in 0.011072 seconds.
Begin MonoManager ReloadAssembly
Native extension for WindowsStandalone target not found
Native extension for OSXStandalone target not found
Refreshing native plugins compatible for Editor in 0.53 ms, found 2 plugins.
Preloading 0 native plugins for Editor in 0.00 ms.
Mono: successfully reloaded assembly
- Completed reload, in  1.706 seconds
Platform modules already initialized, skipping
========================================================================
Worker process is ready to serve import requests
Launching external process: /Applications/Unity/Hub/Editor/2020.3.13f1/Unity.app/Contents/Tools/UnityShaderCompiler
Launched and connected shader compiler UnityShaderCompiler after 0.09 seconds
Refreshing native plugins compatible for Editor in 0.60 ms, found 2 plugins.
Preloading 0 native plugins for Editor in 0.00 ms.
Unloading 1879 Unused Serialized files (Serialized files now loaded: 0)
System memory in use before: 188.5 MB.
System memory in use after: 188.5 MB.

Unloading 26 unused Assets to reduce memory usage. Loaded Objects now: 2333.
Total: 3.672827 ms (FindLiveObjects: 0.366840 ms CreateObjectMapping: 0.152870 ms MarkObjects: 2.985178 ms  DeleteObjects: 0.166867 ms)

AssetImportParameters requested are different than current active one (requested -> active):
  custom:video-decoder-ogg-theora: a1e56fd34408186e4bbccfd4996cb3dc -> 
  custom:container-muxer-webm: aa71ff27fc2769a1b78a27578f13a17b -> 
  custom:container-demuxer-webm: 4f35f7cbe854078d1ac9338744f61a02 -> 
  custom:container-demuxer-ogg: 62fdf1f143b41e24485cea50d1cbac27 -> 
  custom:video-encoder-webm-vp8: eb34c28f22e8b96e1ab97ce403110664 -> 
  custom:framework-osx-AVFoundation: e770b220cccbd017edd2c1fefb359320 -> 
  custom:video-decoder-webm-vp8: 9c59270c3fd7afecdb556c50c9e8de78 -> 
  custom:audio-decoder-ogg-vorbis: bf7c407c2cedff20999df2af8eb42d56 -> 
  custom:audio-encoder-webm-vorbis: bf7c407c2cedff20999df2af8eb42d56 -> 
========================================================================
Received Import Request.
  path: Assets/Kenney/Particle samples/Prefabs/Fireball.prefab
  artifactKey: Guid(51a4b48f727f84429b86c52e3c442747) Importer(815301076,1909f56bfc062723c751e8b465ee728b)
Start importing Assets/Kenney/Particle samples/Prefabs/Fireball.prefab using Guid(51a4b48f727f84429b86c52e3c442747) Importer(815301076,1909f56bfc062723c751e8b465ee728b)  -> (artifact id: '4d77f92b72133a75750e293c6799afb6') in 2.727694 seconds 
  Import took 2.733926 seconds .

========================================================================
Received Prepare
Refreshing native plugins compatible for Editor in 14.01 ms, found 2 plugins.
Preloading 0 native plugins for Editor in 0.00 ms.
Unloading 17 Unused Serialized files (Serialized files now loaded: 0)
System memory in use before: 159.4 MB.
System memory in use after: 159.4 MB.

Unloading 18 unused Assets to reduce memory usage. Loaded Objects now: 2341.
Total: 6.624119 ms (FindLiveObjects: 0.666244 ms CreateObjectMapping: 0.497881 ms MarkObjects: 5.302385 ms  DeleteObjects: 0.156096 ms)

AssetImportParameters requested are different than current active one (requested -> active):
  custom:video-decoder-ogg-theora: a1e56fd34408186e4bbccfd4996cb3dc -> 
  custom:container-muxer-webm: aa71ff27fc2769a1b78a27578f13a17b -> 
  custom:container-demuxer-webm: 4f35f7cbe854078d1ac9338744f61a02 -> 
  custom:container-demuxer-ogg: 62fdf1f143b41e24485cea50d1cbac27 -> 
  custom:video-encoder-webm-vp8: eb34c28f22e8b96e1ab97ce403110664 -> 
  custom:framework-osx-AVFoundation: e770b220cccbd017edd2c1fefb359320 -> 
  custom:video-decoder-webm-vp8: 9c59270c3fd7afecdb556c50c9e8de78 -> 
  custom:audio-decoder-ogg-vorbis: bf7c407c2cedff20999df2af8eb42d56 -> 
  custom:audio-encoder-webm-vorbis: bf7c407c2cedff20999df2af8eb42d56 -> 
========================================================================
Received Import Request.
  Time since last request: 195.996045 seconds.
  path: Assets/Kenney/Particle samples/Prefabs/Fireball.prefab
  artifactKey: Guid(51a4b48f727f84429b86c52e3c442747) Importer(815301076,1909f56bfc062723c751e8b465ee728b)
Start importing Assets/Kenney/Particle samples/Prefabs/Fireball.prefab using Guid(51a4b48f727f84429b86c52e3c442747) Importer(815301076,1909f56bfc062723c751e8b465ee728b)  -> (artifact id: 'a3dd801cc4c4706f32cd4b43167f2cfc') in 0.047250 seconds 
  Import took 0.052820 seconds .

========================================================================
Received Import Request.
  Time since last request: 0.000326 seconds.
  path: Assets/Kenney/Particle samples/Prefabs/Magic.prefab
  artifactKey: Guid(3640199bf9dc32f4da57c37d57581f57) Importer(815301076,1909f56bfc062723c751e8b465ee728b)
Start importing Assets/Kenney/Particle samples/Prefabs/Magic.prefab using Guid(3640199bf9dc32f4da57c37d57581f57) Importer(815301076,1909f56bfc062723c751e8b465ee728b)  -> (artifact id: '14005cfadf8af3a595af8ff7702d5d3e') in 0.014313 seconds 
  Import took 0.019620 seconds .

========================================================================
Received Import Request.
  Time since last request: 10.909125 seconds.
  path: Assets/Kenney/Particle samples/Prefabs/Fireball.prefab
  artifactKey: Guid(51a4b48f727f84429b86c52e3c442747) Importer(815301076,1909f56bfc062723c751e8b465ee728b)
Start importing Assets/Kenney/Particle samples/Prefabs/Fireball.prefab using Guid(51a4b48f727f84429b86c52e3c442747) Importer(815301076,1909f56bfc062723c751e8b465ee728b)  -> (artifact id: '00000000000000000000000000000000') in 0.048071 seconds  code(4) message(Build asset version error: assets/kenney/particle samples/prefabs/fireball.prefab in SourceAssetDB has modification time of '2021-07-11T20:44:32Z' while content on disk has modification time of '2021-07-11T20:44:43Z')
  ERROR: Build asset version error: assets/kenney/particle samples/prefabs/fireball.prefab in SourceAssetDB has modification time of '2021-07-11T20:44:32Z' while content on disk has modification time of '2021-07-11T20:44:43Z'
  Import took 0.052312 seconds .

========================================================================
Received Import Request.
  Time since last request: 5.643168 seconds.
  path: Assets/Kenney/Particle samples/Prefabs/Fireball.prefab
  artifactKey: Guid(51a4b48f727f84429b86c52e3c442747) Importer(815301076,1909f56bfc062723c751e8b465ee728b)
Start importing Assets/Kenney/Particle samples/Prefabs/Fireball.prefab using Guid(51a4b48f727f84429b86c52e3c442747) Importer(815301076,1909f56bfc062723c751e8b465ee728b)  -> (artifact id: 'f7352788f52f6baa94dd64d03d799a7a') in 0.058104 seconds 
  Import took 0.063085 seconds .

========================================================================
Received Import Request.
  Time since last request: 2.247838 seconds.
  path: Assets/Kenney/Particle samples/Prefabs/Fireball.prefab
  artifactKey: Guid(51a4b48f727f84429b86c52e3c442747) Importer(815301076,1909f56bfc062723c751e8b465ee728b)
Start importing Assets/Kenney/Particle samples/Prefabs/Fireball.prefab using Guid(51a4b48f727f84429b86c52e3c442747) Importer(815301076,1909f56bfc062723c751e8b465ee728b)  -> (artifact id: 'bb1cb35da00b5e04cf16a303c9434047') in 0.048036 seconds 
  Import took 0.056319 seconds .

========================================================================
Received Import Request.
  Time since last request: 3.054114 seconds.
  path: Assets/Kenney/Particle samples/Prefabs/Fireball.prefab
  artifactKey: Guid(51a4b48f727f84429b86c52e3c442747) Importer(815301076,1909f56bfc062723c751e8b465ee728b)
Start importing Assets/Kenney/Particle samples/Prefabs/Fireball.prefab using Guid(51a4b48f727f84429b86c52e3c442747) Importer(815301076,1909f56bfc062723c751e8b465ee728b)  -> (artifact id: '63491adfa296af86ed14cf8ccb0d85ae') in 0.050838 seconds 
  Import took 0.056306 seconds .

========================================================================
Received Import Request.
  Time since last request: 7.616867 seconds.
  path: Assets/Kenney/Particle samples/Prefabs/Fireball.prefab
  artifactKey: Guid(51a4b48f727f84429b86c52e3c442747) Importer(815301076,1909f56bfc062723c751e8b465ee728b)
Start importing Assets/Kenney/Particle samples/Prefabs/Fireball.prefab using Guid(51a4b48f727f84429b86c52e3c442747) Importer(815301076,1909f56bfc062723c751e8b465ee728b)  -> (artifact id: '5a795e226f57a1cbfd716f9ab5674cdb') in 0.056130 seconds 
  Import took 0.063713 seconds .

========================================================================
Received Import Request.
  Time since last request: 6.002080 seconds.
  path: Assets/Kenney/Particle samples/Prefabs/Fireball.prefab
  artifactKey: Guid(51a4b48f727f84429b86c52e3c442747) Importer(815301076,1909f56bfc062723c751e8b465ee728b)
Start importing Assets/Kenney/Particle samples/Prefabs/Fireball.prefab using Guid(51a4b48f727f84429b86c52e3c442747) Importer(815301076,1909f56bfc062723c751e8b465ee728b)  -> (artifact id: '04bfdfdf494dc6e4548d4998c6a500ff') in 0.043629 seconds 
  Import took 0.051075 seconds .

========================================================================
Received Import Request.
  Time since last request: 3.615348 seconds.
  path: Assets/Kenney/Particle samples/Prefabs/Fireball.prefab
  artifactKey: Guid(51a4b48f727f84429b86c52e3c442747) Importer(815301076,1909f56bfc062723c751e8b465ee728b)
Start importing Assets/Kenney/Particle samples/Prefabs/Fireball.prefab using Guid(51a4b48f727f84429b86c52e3c442747) Importer(815301076,1909f56bfc062723c751e8b465ee728b)  -> (artifact id: 'aed1a96d00d814cfbcddc2f1bfb686c7') in 0.036326 seconds 
  Import took 0.042894 seconds .

========================================================================
Received Import Request.
  Time since last request: 2.253039 seconds.
  path: Assets/Kenney/Particle samples/Prefabs/Fireball.prefab
  artifactKey: Guid(51a4b48f727f84429b86c52e3c442747) Importer(815301076,1909f56bfc062723c751e8b465ee728b)
Start importing Assets/Kenney/Particle samples/Prefabs/Fireball.prefab using Guid(51a4b48f727f84429b86c52e3c442747) Importer(815301076,1909f56bfc062723c751e8b465ee728b)  -> (artifact id: 'd114878b01cf5588803a5c208399d469') in 0.046207 seconds 
  Import took 0.057878 seconds .

========================================================================
Received Import Request.
  Time since last request: 103.257603 seconds.
  path: Assets/Kenney/Particle samples/Prefabs/Fireball.prefab
  artifactKey: Guid(51a4b48f727f84429b86c52e3c442747) Importer(815301076,1909f56bfc062723c751e8b465ee728b)
Start importing Assets/Kenney/Particle samples/Prefabs/Fireball.prefab using Guid(51a4b48f727f84429b86c52e3c442747) Importer(815301076,1909f56bfc062723c751e8b465ee728b)  -> (artifact id: '6077f93eef92286085d63073933c5fb0') in 0.035619 seconds 
  Import took 0.042905 seconds .

========================================================================
Received Import Request.
  Time since last request: 4.930786 seconds.
  path: Assets/Kenney/Particle samples/Prefabs/Fireball.prefab
  artifactKey: Guid(51a4b48f727f84429b86c52e3c442747) Importer(815301076,1909f56bfc062723c751e8b465ee728b)
Start importing Assets/Kenney/Particle samples/Prefabs/Fireball.prefab using Guid(51a4b48f727f84429b86c52e3c442747) Importer(815301076,1909f56bfc062723c751e8b465ee728b)  -> (artifact id: 'aa71e67c46675f99caf618cf274fc667') in 0.039269 seconds 
  Import took 0.045974 seconds .

========================================================================
Received Import Request.
  Time since last request: 6.289406 seconds.
  path: Assets/Kenney/Particle samples/Prefabs/Fireball.prefab
  artifactKey: Guid(51a4b48f727f84429b86c52e3c442747) Importer(815301076,1909f56bfc062723c751e8b465ee728b)
Start importing Assets/Kenney/Particle samples/Prefabs/Fireball.prefab using Guid(51a4b48f727f84429b86c52e3c442747) Importer(815301076,1909f56bfc062723c751e8b465ee728b)  -> (artifact id: '0b3c456b6f58d0ef5e441713996df3f5') in 0.040133 seconds 
  Import took 0.046383 seconds .

========================================================================
Received Import Request.
  Time since last request: 2.420879 seconds.
  path: Assets/Kenney/Particle samples/Prefabs/Fireball.prefab
  artifactKey: Guid(51a4b48f727f84429b86c52e3c442747) Importer(815301076,1909f56bfc062723c751e8b465ee728b)
Start importing Assets/Kenney/Particle samples/Prefabs/Fireball.prefab using Guid(51a4b48f727f84429b86c52e3c442747) Importer(815301076,1909f56bfc062723c751e8b465ee728b)  -> (artifact id: '1dc85566f5397e4d32715f0d579cd8bb') in 0.047021 seconds 
  Import took 0.055314 seconds .

========================================================================
Received Import Request.
  Time since last request: 4.853970 seconds.
  path: Assets/Kenney/Particle samples/Prefabs/Fireball.prefab
  artifactKey: Guid(51a4b48f727f84429b86c52e3c442747) Importer(815301076,1909f56bfc062723c751e8b465ee728b)
Start importing Assets/Kenney/Particle samples/Prefabs/Fireball.prefab using Guid(51a4b48f727f84429b86c52e3c442747) Importer(815301076,1909f56bfc062723c751e8b465ee728b)  -> (artifact id: '1b0e91ff4ec73acf38ed2359d0011c16') in 0.046342 seconds 
  Import took 0.053200 seconds .

========================================================================
Received Import Request.
  Time since last request: 2.424821 seconds.
  path: Assets/Kenney/Particle samples/Prefabs/Fireball.prefab
  artifactKey: Guid(51a4b48f727f84429b86c52e3c442747) Importer(815301076,1909f56bfc062723c751e8b465ee728b)
Start importing Assets/Kenney/Particle samples/Prefabs/Fireball.prefab using Guid(51a4b48f727f84429b86c52e3c442747) Importer(815301076,1909f56bfc062723c751e8b465ee728b)  -> (artifact id: 'a54c58e1d381e1af998ad57f27b63864') in 0.039094 seconds 
  Import took 0.046531 seconds .

========================================================================
Received Import Request.
  Time since last request: 3.640129 seconds.
  path: Assets/Kenney/Particle samples/Prefabs/Fireball.prefab
  artifactKey: Guid(51a4b48f727f84429b86c52e3c442747) Importer(815301076,1909f56bfc062723c751e8b465ee728b)
Start importing Assets/Kenney/Particle samples/Prefabs/Fireball.prefab using Guid(51a4b48f727f84429b86c52e3c442747) Importer(815301076,1909f56bfc062723c751e8b465ee728b)  -> (artifact id: 'e66d75284f1f4676b7d37cf44dbcc5f8') in 0.040450 seconds 
  Import took 0.047695 seconds .

========================================================================
Received Import Request.
  Time since last request: 12.054680 seconds.
  path: Assets/Kenney/Particle samples/Prefabs/Fireball.prefab
  artifactKey: Guid(51a4b48f727f84429b86c52e3c442747) Importer(815301076,1909f56bfc062723c751e8b465ee728b)
Start importing Assets/Kenney/Particle samples/Prefabs/Fireball.prefab using Guid(51a4b48f727f84429b86c52e3c442747) Importer(815301076,1909f56bfc062723c751e8b465ee728b)  -> (artifact id: 'a7189311c3a38b9939c13484917422b5') in 0.039081 seconds 
  Import took 0.045584 seconds .

========================================================================
Received Import Request.
  Time since last request: 12.998428 seconds.
  path: Assets/Kenney/Particle samples/Prefabs/Fireball.prefab
  artifactKey: Guid(51a4b48f727f84429b86c52e3c442747) Importer(815301076,1909f56bfc062723c751e8b465ee728b)
Start importing Assets/Kenney/Particle samples/Prefabs/Fireball.prefab using Guid(51a4b48f727f84429b86c52e3c442747) Importer(815301076,1909f56bfc062723c751e8b465ee728b)  -> (artifact id: '56b3ef683c07a23d4b8e31467aa60037') in 0.045209 seconds 
  Import took 0.050097 seconds .

========================================================================
Received Prepare
Registering precompiled user dll's ...
Registered in 0.005449 seconds.
Begin MonoManager ReloadAssembly
Native extension for WindowsStandalone target not found
Native extension for OSXStandalone target not found
Refreshing native plugins compatible for Editor in 0.50 ms, found 2 plugins.
Preloading 0 native plugins for Editor in 0.00 ms.
Mono: successfully reloaded assembly
- Completed reload, in  1.481 seconds
Platform modules already initialized, skipping
Switching build target platform(2) subTarget(0) extendedPlatform(0) -> platform(13) subTarget(537395200) extendedPlatform(0)
Refreshing native plugins compatible for Editor in 0.59 ms, found 2 plugins.
Preloading 0 native plugins for Editor in 0.00 ms.
Unloading 1864 Unused Serialized files (Serialized files now loaded: 0)
System memory in use before: 194.5 MB.
System memory in use after: 194.5 MB.

Unloading 22 unused Assets to reduce memory usage. Loaded Objects now: 2344.
Total: 3.715466 ms (FindLiveObjects: 0.326279 ms CreateObjectMapping: 0.181020 ms MarkObjects: 3.053365 ms  DeleteObjects: 0.153282 ms)

AssetImportParameters requested are different than current active one (requested -> active):
  custom:video-decoder-ogg-theora: a1e56fd34408186e4bbccfd4996cb3dc -> 
  custom:container-muxer-webm: aa71ff27fc2769a1b78a27578f13a17b -> 
  custom:container-demuxer-webm: 4f35f7cbe854078d1ac9338744f61a02 -> 
  custom:container-demuxer-ogg: 62fdf1f143b41e24485cea50d1cbac27 -> 
  custom:video-encoder-webm-vp8: eb34c28f22e8b96e1ab97ce403110664 -> 
  custom:framework-osx-AVFoundation: e770b220cccbd017edd2c1fefb359320 -> 
  custom:video-decoder-webm-vp8: 9c59270c3fd7afecdb556c50c9e8de78 -> 
  custom:graphics/normal-map-encoding: 01000000000000000000000000000000 -> 02000000000000000000000000000000
  custom:audio-decoder-ogg-vorbis: bf7c407c2cedff20999df2af8eb42d56 -> 
  custom:audio-encoder-webm-vorbis: bf7c407c2cedff20999df2af8eb42d56 -> 
========================================================================
Received Prepare
Registering precompiled user dll's ...
Registered in 0.005749 seconds.
Begin MonoManager ReloadAssembly
Native extension for WindowsStandalone target not found
Native extension for OSXStandalone target not found
Refreshing native plugins compatible for Editor in 0.54 ms, found 2 plugins.
Preloading 0 native plugins for Editor in 0.00 ms.
Mono: successfully reloaded assembly
- Completed reload, in  1.773 seconds
Platform modules already initialized, skipping
Switching build target platform(2) subTarget(0) extendedPlatform(0) -> platform(13) subTarget(537395200) extendedPlatform(0)
Refreshing native plugins compatible for Editor in 0.73 ms, found 2 plugins.
Preloading 0 native plugins for Editor in 0.00 ms.
Unloading 1864 Unused Serialized files (Serialized files now loaded: 0)
System memory in use before: 194.7 MB.
System memory in use after: 194.7 MB.

Unloading 19 unused Assets to reduce memory usage. Loaded Objects now: 2347.
Total: 2.552069 ms (FindLiveObjects: 0.197365 ms CreateObjectMapping: 0.073767 ms MarkObjects: 2.162725 ms  DeleteObjects: 0.117279 ms)

AssetImportParameters requested are different than current active one (requested -> active):
  custom:video-decoder-ogg-theora: a1e56fd34408186e4bbccfd4996cb3dc -> 
  custom:container-muxer-webm: aa71ff27fc2769a1b78a27578f13a17b -> 
  custom:container-demuxer-webm: 4f35f7cbe854078d1ac9338744f61a02 -> 
  custom:container-demuxer-ogg: 62fdf1f143b41e24485cea50d1cbac27 -> 
  custom:video-encoder-webm-vp8: eb34c28f22e8b96e1ab97ce403110664 -> 
  custom:framework-osx-AVFoundation: e770b220cccbd017edd2c1fefb359320 -> 
  custom:video-decoder-webm-vp8: 9c59270c3fd7afecdb556c50c9e8de78 -> 
  custom:graphics/normal-map-encoding: 01000000000000000000000000000000 -> 02000000000000000000000000000000
  custom:audio-decoder-ogg-vorbis: bf7c407c2cedff20999df2af8eb42d56 -> 
  custom:audio-encoder-webm-vorbis: bf7c407c2cedff20999df2af8eb42d56 -> 
========================================================================
Received Import Request.
  Time since last request: 69.272213 seconds.
  path: Assets/Kenney/Particle samples/Prefabs/Fireball.prefab
  artifactKey: Guid(51a4b48f727f84429b86c52e3c442747) Importer(815301076,1909f56bfc062723c751e8b465ee728b)
Start importing Assets/Kenney/Particle samples/Prefabs/Fireball.prefab using Guid(51a4b48f727f84429b86c52e3c442747) Importer(815301076,1909f56bfc062723c751e8b465ee728b)  -> (artifact id: '86d04b79bfaa576d00634d174c4f5e75') in 0.103884 seconds 
  Import took 0.109103 seconds .

========================================================================
Received Prepare
Registering precompiled user dll's ...
Registered in 0.004897 seconds.
Begin MonoManager ReloadAssembly
Native extension for WindowsStandalone target not found
Native extension for OSXStandalone target not found
Refreshing native plugins compatible for Editor in 0.56 ms, found 2 plugins.
Preloading 0 native plugins for Editor in 0.00 ms.
Mono: successfully reloaded assembly
- Completed reload, in  1.643 seconds
Platform modules already initialized, skipping
Switching build target platform(2) subTarget(0) extendedPlatform(0) -> platform(13) subTarget(537395200) extendedPlatform(0)
Refreshing native plugins compatible for Editor in 0.57 ms, found 2 plugins.
Preloading 0 native plugins for Editor in 0.00 ms.
Unloading 1864 Unused Serialized files (Serialized files now loaded: 0)
System memory in use before: 194.9 MB.
System memory in use after: 194.9 MB.

Unloading 20 unused Assets to reduce memory usage. Loaded Objects now: 2351.
Total: 3.776758 ms (FindLiveObjects: 0.283726 ms CreateObjectMapping: 0.076723 ms MarkObjects: 3.292825 ms  DeleteObjects: 0.122392 ms)

AssetImportParameters requested are different than current active one (requested -> active):
  custom:video-decoder-ogg-theora: a1e56fd34408186e4bbccfd4996cb3dc -> 
  custom:container-muxer-webm: aa71ff27fc2769a1b78a27578f13a17b -> 
  custom:container-demuxer-webm: 4f35f7cbe854078d1ac9338744f61a02 -> 
  custom:container-demuxer-ogg: 62fdf1f143b41e24485cea50d1cbac27 -> 
  custom:video-encoder-webm-vp8: eb34c28f22e8b96e1ab97ce403110664 -> 
  custom:framework-osx-AVFoundation: e770b220cccbd017edd2c1fefb359320 -> 
  custom:video-decoder-webm-vp8: 9c59270c3fd7afecdb556c50c9e8de78 -> 
  custom:graphics/normal-map-encoding: 01000000000000000000000000000000 -> 02000000000000000000000000000000
  custom:audio-decoder-ogg-vorbis: bf7c407c2cedff20999df2af8eb42d56 -> 
  custom:audio-encoder-webm-vorbis: bf7c407c2cedff20999df2af8eb42d56 -> 
========================================================================
Received Import Request.
  Time since last request: 36.479187 seconds.
  path: Assets/Kenney/Particle samples/Prefabs/Fireball.prefab
  artifactKey: Guid(51a4b48f727f84429b86c52e3c442747) Importer(815301076,1909f56bfc062723c751e8b465ee728b)
Start importing Assets/Kenney/Particle samples/Prefabs/Fireball.prefab using Guid(51a4b48f727f84429b86c52e3c442747) Importer(815301076,1909f56bfc062723c751e8b465ee728b)  -> (artifact id: '6f94566f1e1758461c524c4d7f026cff') in 0.088473 seconds 
  Import took 0.093998 seconds .

========================================================================
Received Import Request.
  Time since last request: 3.418484 seconds.
  path: Assets/Kenney/Particle samples/Prefabs/Fireball.prefab
  artifactKey: Guid(51a4b48f727f84429b86c52e3c442747) Importer(815301076,1909f56bfc062723c751e8b465ee728b)
Start importing Assets/Kenney/Particle samples/Prefabs/Fireball.prefab using Guid(51a4b48f727f84429b86c52e3c442747) Importer(815301076,1909f56bfc062723c751e8b465ee728b)  -> (artifact id: '6ebc0cbe31c33242ad2c85e9769f22a7') in 0.052884 seconds 
  Import took 0.057586 seconds .

========================================================================
Received Prepare
Registering precompiled user dll's ...
Registered in 0.005226 seconds.
Begin MonoManager ReloadAssembly
Native extension for WindowsStandalone target not found
Native extension for OSXStandalone target not found
Refreshing native plugins compatible for Editor in 0.62 ms, found 2 plugins.
Preloading 0 native plugins for Editor in 0.00 ms.
Mono: successfully reloaded assembly
- Completed reload, in  1.444 seconds
Platform modules already initialized, skipping
Switching build target platform(2) subTarget(0) extendedPlatform(0) -> platform(13) subTarget(537395200) extendedPlatform(0)
Refreshing native plugins compatible for Editor in 0.56 ms, found 2 plugins.
Preloading 0 native plugins for Editor in 0.00 ms.
Unloading 1864 Unused Serialized files (Serialized files now loaded: 0)
System memory in use before: 195.2 MB.
System memory in use after: 195.2 MB.

Unloading 20 unused Assets to reduce memory usage. Loaded Objects now: 2355.
Total: 3.203566 ms (FindLiveObjects: 0.301958 ms CreateObjectMapping: 0.134699 ms MarkObjects: 2.646532 ms  DeleteObjects: 0.119445 ms)

AssetImportParameters requested are different than current active one (requested -> active):
  custom:video-decoder-ogg-theora: a1e56fd34408186e4bbccfd4996cb3dc -> 
  custom:container-muxer-webm: aa71ff27fc2769a1b78a27578f13a17b -> 
  custom:container-demuxer-webm: 4f35f7cbe854078d1ac9338744f61a02 -> 
  custom:container-demuxer-ogg: 62fdf1f143b41e24485cea50d1cbac27 -> 
  custom:video-encoder-webm-vp8: eb34c28f22e8b96e1ab97ce403110664 -> 
  custom:framework-osx-AVFoundation: e770b220cccbd017edd2c1fefb359320 -> 
  custom:video-decoder-webm-vp8: 9c59270c3fd7afecdb556c50c9e8de78 -> 
  custom:graphics/normal-map-encoding: 01000000000000000000000000000000 -> 02000000000000000000000000000000
  custom:audio-decoder-ogg-vorbis: bf7c407c2cedff20999df2af8eb42d56 -> 
  custom:audio-encoder-webm-vorbis: bf7c407c2cedff20999df2af8eb42d56 -> 
========================================================================
Received Import Request.
  Time since last request: 39.136850 seconds.
  path: Assets/Kenney/Particle samples/Prefabs/Fireball.prefab
  artifactKey: Guid(51a4b48f727f84429b86c52e3c442747) Importer(815301076,1909f56bfc062723c751e8b465ee728b)
Start importing Assets/Kenney/Particle samples/Prefabs/Fireball.prefab using Guid(51a4b48f727f84429b86c52e3c442747) Importer(815301076,1909f56bfc062723c751e8b465ee728b)  -> (artifact id: 'c932f11679a72320852fb52cbf7fdbb0') in 0.082776 seconds 
  Import took 0.087120 seconds .

========================================================================
Received Import Request.
  Time since last request: 0.144388 seconds.
  path: Assets/Kenney/Particle samples/Prefabs/Fireball.prefab
  artifactKey: Guid(51a4b48f727f84429b86c52e3c442747) Importer(815301076,1909f56bfc062723c751e8b465ee728b)
Start importing Assets/Kenney/Particle samples/Prefabs/Fireball.prefab using Guid(51a4b48f727f84429b86c52e3c442747) Importer(815301076,1909f56bfc062723c751e8b465ee728b)  -> (artifact id: 'c932f11679a72320852fb52cbf7fdbb0') in 0.031282 seconds 
  Import took 0.040663 seconds .

========================================================================
Received Prepare
Registering precompiled user dll's ...
Registered in 0.005257 seconds.
Begin MonoManager ReloadAssembly
Native extension for WindowsStandalone target not found
Native extension for OSXStandalone target not found
Refreshing native plugins compatible for Editor in 0.55 ms, found 2 plugins.
Preloading 0 native plugins for Editor in 0.00 ms.
Mono: successfully reloaded assembly
- Completed reload, in  1.487 seconds
Platform modules already initialized, skipping
Switching build target platform(2) subTarget(0) extendedPlatform(0) -> platform(13) subTarget(537395200) extendedPlatform(0)
Refreshing native plugins compatible for Editor in 0.55 ms, found 2 plugins.
Preloading 0 native plugins for Editor in 0.00 ms.
Unloading 1864 Unused Serialized files (Serialized files now loaded: 0)
System memory in use before: 195.4 MB.
System memory in use after: 195.4 MB.

Unloading 20 unused Assets to reduce memory usage. Loaded Objects now: 2359.
Total: 3.076237 ms (FindLiveObjects: 0.249248 ms CreateObjectMapping: 0.137925 ms MarkObjects: 2.570329 ms  DeleteObjects: 0.117800 ms)

AssetImportParameters requested are different than current active one (requested -> active):
  custom:video-decoder-ogg-theora: a1e56fd34408186e4bbccfd4996cb3dc -> 
  custom:container-muxer-webm: aa71ff27fc2769a1b78a27578f13a17b -> 
  custom:container-demuxer-webm: 4f35f7cbe854078d1ac9338744f61a02 -> 
  custom:container-demuxer-ogg: 62fdf1f143b41e24485cea50d1cbac27 -> 
  custom:video-encoder-webm-vp8: eb34c28f22e8b96e1ab97ce403110664 -> 
  custom:framework-osx-AVFoundation: e770b220cccbd017edd2c1fefb359320 -> 
  custom:video-decoder-webm-vp8: 9c59270c3fd7afecdb556c50c9e8de78 -> 
  custom:graphics/normal-map-encoding: 01000000000000000000000000000000 -> 02000000000000000000000000000000
  custom:audio-decoder-ogg-vorbis: bf7c407c2cedff20999df2af8eb42d56 -> 
  custom:audio-encoder-webm-vorbis: bf7c407c2cedff20999df2af8eb42d56 -> 
========================================================================
Received Import Request.
  Time since last request: 21.348367 seconds.
  path: Assets/Kenney/Particle samples/Prefabs/Fireball.prefab
  artifactKey: Guid(51a4b48f727f84429b86c52e3c442747) Importer(815301076,1909f56bfc062723c751e8b465ee728b)
Start importing Assets/Kenney/Particle samples/Prefabs/Fireball.prefab using Guid(51a4b48f727f84429b86c52e3c442747) Importer(815301076,1909f56bfc062723c751e8b465ee728b)  -> (artifact id: '1370b1945ec64f68ec225931089742c6') in 0.084968 seconds 
  Import took 0.089819 seconds .

========================================================================
Received Import Request.
  Time since last request: 0.142828 seconds.
  path: Assets/Kenney/Particle samples/Prefabs/Fireball.prefab
  artifactKey: Guid(51a4b48f727f84429b86c52e3c442747) Importer(815301076,1909f56bfc062723c751e8b465ee728b)
Start importing Assets/Kenney/Particle samples/Prefabs/Fireball.prefab using Guid(51a4b48f727f84429b86c52e3c442747) Importer(815301076,1909f56bfc062723c751e8b465ee728b)  -> (artifact id: '1370b1945ec64f68ec225931089742c6') in 0.032831 seconds 
  Import took 0.041078 seconds .

========================================================================
Received Prepare
Registering precompiled user dll's ...
Registered in 0.004990 seconds.
Begin MonoManager ReloadAssembly
Native extension for WindowsStandalone target not found
Native extension for OSXStandalone target not found
Refreshing native plugins compatible for Editor in 0.86 ms, found 2 plugins.
Preloading 0 native plugins for Editor in 0.00 ms.
Mono: successfully reloaded assembly
- Completed reload, in  2.577 seconds
Platform modules already initialized, skipping
Switching build target platform(2) subTarget(0) extendedPlatform(0) -> platform(13) subTarget(537395200) extendedPlatform(0)
Refreshing native plugins compatible for Editor in 1.16 ms, found 2 plugins.
Preloading 0 native plugins for Editor in 0.00 ms.
Unloading 1864 Unused Serialized files (Serialized files now loaded: 0)
System memory in use before: 195.7 MB.
System memory in use after: 195.7 MB.

Unloading 20 unused Assets to reduce memory usage. Loaded Objects now: 2363.
Total: 3.942225 ms (FindLiveObjects: 0.299476 ms CreateObjectMapping: 0.108675 ms MarkObjects: 3.357334 ms  DeleteObjects: 0.174513 ms)

AssetImportParameters requested are different than current active one (requested -> active):
  custom:video-decoder-ogg-theora: a1e56fd34408186e4bbccfd4996cb3dc -> 
  custom:container-muxer-webm: aa71ff27fc2769a1b78a27578f13a17b -> 
  custom:container-demuxer-webm: 4f35f7cbe854078d1ac9338744f61a02 -> 
  custom:container-demuxer-ogg: 62fdf1f143b41e24485cea50d1cbac27 -> 
  custom:video-encoder-webm-vp8: eb34c28f22e8b96e1ab97ce403110664 -> 
  custom:framework-osx-AVFoundation: e770b220cccbd017edd2c1fefb359320 -> 
  custom:video-decoder-webm-vp8: 9c59270c3fd7afecdb556c50c9e8de78 -> 
  custom:graphics/normal-map-encoding: 01000000000000000000000000000000 -> 02000000000000000000000000000000
  custom:audio-decoder-ogg-vorbis: bf7c407c2cedff20999df2af8eb42d56 -> 
  custom:audio-encoder-webm-vorbis: bf7c407c2cedff20999df2af8eb42d56 -> 
